<?xml version="1.0" encoding="UTF-8"?>
<TestRun id="121b72ad-6354-4fd6-9975-e730a82cff7a" name="Pitsanu.T@PC-047 2013-12-27 11:50:13" runUser="CARPASSAD\Pitsanu.T" xmlns="http://microsoft.com/schemas/VisualStudio/TeamTest/2010">
  <TestSettings name="Local" id="85137bba-d422-4c95-af3f-4e7370925841">
    <Description>These are default test settings for a local test run.</Description>
    <Deployment enabled="false" runDeploymentRoot="Pitsanu.T_PC-047 2013-12-27 11_50_13" />
    <Execution>
      <TestTypeSpecific />
      <AgentRule name="Execution Agents">
      </AgentRule>
    </Execution>
  </TestSettings>
  <Times creation="2013-12-27T11:50:13.0899518+07:00" queuing="2013-12-27T11:50:13.1089537+07:00" start="2013-12-27T11:50:13.1119540+07:00" finish="2013-12-27T11:50:13.2419670+07:00" />
  <ResultSummary outcome="Completed">
    <Counters total="1" executed="1" passed="1" error="0" failed="0" timeout="0" aborted="0" inconclusive="0" passedButRunAborted="0" notRunnable="0" notExecuted="0" disconnected="0" warning="0" completed="0" inProgress="0" pending="0" />
  </ResultSummary>
  <TestDefinitions>
    <UnitTest name="BothEnddateNullReturnOneRecordStartWithEarlyEvent" storage="d:\lab\datetimemergetests\datetimemergetests\bin\debug\datetimemergetests.dll" id="dae7a121-27da-6cea-214b-241fd76d763a">
      <Execution id="b0276a5f-a0cf-4a4c-97f8-f25198078669" />
      <TestMethod codeBase="D:/Lab/DateTimeMergeTests/DateTimeMergeTests/bin/Debug/DateTimeMergeTests.DLL" adapterTypeName="Microsoft.VisualStudio.TestTools.TestTypes.Unit.UnitTestAdapter, Microsoft.VisualStudio.QualityTools.Tips.UnitTest.Adapter, Version=10.0.0.0, Culture=neutral, PublicKeyToken=b03f5f7f11d50a3a" className="DateTimeMergeTests.UnitTest1, DateTimeMergeTests, Version=1.0.0.0, Culture=neutral, PublicKeyToken=null" name="BothEnddateNullReturnOneRecordStartWithEarlyEvent" />
    </UnitTest>
  </TestDefinitions>
  <TestLists>
    <TestList name="Results Not in a List" id="8c84fa94-04c1-424b-9868-57a2d4851a1d" />
    <TestList name="All Loaded Results" id="19431567-8539-422a-85d7-44ee4e166bda" />
  </TestLists>
  <TestEntries>
    <TestEntry testId="dae7a121-27da-6cea-214b-241fd76d763a" executionId="b0276a5f-a0cf-4a4c-97f8-f25198078669" testListId="8c84fa94-04c1-424b-9868-57a2d4851a1d" />
  </TestEntries>
  <Results>
    <UnitTestResult executionId="b0276a5f-a0cf-4a4c-97f8-f25198078669" testId="dae7a121-27da-6cea-214b-241fd76d763a" testName="BothEnddateNullReturnOneRecordStartWithEarlyEvent" computerName="PC-047" duration="00:00:00.0104865" startTime="2013-12-27T11:50:13.1139542+07:00" endTime="2013-12-27T11:50:13.2329661+07:00" testType="13cdc9d9-ddb5-4fa4-a97d-d965ccfc6d4b" outcome="Passed" testListId="8c84fa94-04c1-424b-9868-57a2d4851a1d" relativeResultsDirectory="b0276a5f-a0cf-4a4c-97f8-f25198078669">
      <Output>
        <StdOut>Begin [1/1/2013 12:00:00 AM], End []</StdOut>
      </Output>
    </UnitTestResult>
  </Results>
</TestRun>