<?xml version="1.0" encoding="UTF-8"?>
<TestRun id="36a05c01-097b-48d8-9324-8d7fe82321fa" name="Pitsanu.T@PC-047 2013-12-27 14:47:36" runUser="CARPASSAD\Pitsanu.T" xmlns="http://microsoft.com/schemas/VisualStudio/TeamTest/2010">
  <TestSettings name="Local" id="85137bba-d422-4c95-af3f-4e7370925841">
    <Description>These are default test settings for a local test run.</Description>
    <Deployment enabled="false" runDeploymentRoot="Pitsanu.T_PC-047 2013-12-27 14_47_36" />
    <Execution>
      <TestTypeSpecific />
      <AgentRule name="Execution Agents">
      </AgentRule>
    </Execution>
  </TestSettings>
  <Times creation="2013-12-27T14:47:36.4735263+07:00" queuing="2013-12-27T14:47:37.4166206+07:00" start="2013-12-27T14:47:37.4476237+07:00" finish="2013-12-27T14:47:38.7467536+07:00" />
  <ResultSummary outcome="Completed">
    <Counters total="2" executed="2" passed="2" error="0" failed="0" timeout="0" aborted="0" inconclusive="0" passedButRunAborted="0" notRunnable="0" notExecuted="0" disconnected="0" warning="0" completed="0" inProgress="0" pending="0" />
  </ResultSummary>
  <TestDefinitions>
    <UnitTest name="BothEnddateNullReturnOneRecordStartWithEarlyEvent" storage="d:\lab\datetimemergetests\datetimemergetests\bin\debug\datetimemergetests.dll" id="dae7a121-27da-6cea-214b-241fd76d763a">
      <Execution id="11317cae-2797-4f1b-84a2-cf1e28a54009" />
      <TestMethod codeBase="D:/Lab/DateTimeMergeTests/DateTimeMergeTests/bin/Debug/DateTimeMergeTests.DLL" adapterTypeName="Microsoft.VisualStudio.TestTools.TestTypes.Unit.UnitTestAdapter, Microsoft.VisualStudio.QualityTools.Tips.UnitTest.Adapter, Version=10.0.0.0, Culture=neutral, PublicKeyToken=b03f5f7f11d50a3a" className="DateTimeMergeTests.UnitTest1, DateTimeMergeTests, Version=1.0.0.0, Culture=neutral, PublicKeyToken=null" name="BothEnddateNullReturnOneRecordStartWithEarlyEvent" />
    </UnitTest>
    <UnitTest name="SameDateTimeMustReturnOneRecord" storage="d:\lab\datetimemergetests\datetimemergetests\bin\debug\datetimemergetests.dll" id="bf55e196-e1b9-d577-b1cc-309fb47c7e61">
      <Execution id="7fdda8af-f747-4dfc-aa2a-16bd3dced28f" />
      <TestMethod codeBase="D:/Lab/DateTimeMergeTests/DateTimeMergeTests/bin/Debug/DateTimeMergeTests.DLL" adapterTypeName="Microsoft.VisualStudio.TestTools.TestTypes.Unit.UnitTestAdapter, Microsoft.VisualStudio.QualityTools.Tips.UnitTest.Adapter, Version=10.0.0.0, Culture=neutral, PublicKeyToken=b03f5f7f11d50a3a" className="DateTimeMergeTests.UnitTest1, DateTimeMergeTests, Version=1.0.0.0, Culture=neutral, PublicKeyToken=null" name="SameDateTimeMustReturnOneRecord" />
    </UnitTest>
  </TestDefinitions>
  <TestLists>
    <TestList name="Results Not in a List" id="8c84fa94-04c1-424b-9868-57a2d4851a1d" />
    <TestList name="All Loaded Results" id="19431567-8539-422a-85d7-44ee4e166bda" />
  </TestLists>
  <TestEntries>
    <TestEntry testId="bf55e196-e1b9-d577-b1cc-309fb47c7e61" executionId="7fdda8af-f747-4dfc-aa2a-16bd3dced28f" testListId="8c84fa94-04c1-424b-9868-57a2d4851a1d" />
    <TestEntry testId="dae7a121-27da-6cea-214b-241fd76d763a" executionId="11317cae-2797-4f1b-84a2-cf1e28a54009" testListId="8c84fa94-04c1-424b-9868-57a2d4851a1d" />
  </TestEntries>
  <Results>
    <UnitTestResult executionId="7fdda8af-f747-4dfc-aa2a-16bd3dced28f" testId="bf55e196-e1b9-d577-b1cc-309fb47c7e61" testName="SameDateTimeMustReturnOneRecord" computerName="PC-047" duration="00:00:00.0082060" startTime="2013-12-27T14:47:37.4886278+07:00" endTime="2013-12-27T14:47:38.5877377+07:00" testType="13cdc9d9-ddb5-4fa4-a97d-d965ccfc6d4b" outcome="Passed" testListId="8c84fa94-04c1-424b-9868-57a2d4851a1d" relativeResultsDirectory="7fdda8af-f747-4dfc-aa2a-16bd3dced28f">
    </UnitTestResult>
    <UnitTestResult executionId="11317cae-2797-4f1b-84a2-cf1e28a54009" testId="dae7a121-27da-6cea-214b-241fd76d763a" testName="BothEnddateNullReturnOneRecordStartWithEarlyEvent" computerName="PC-047" duration="00:00:00.0934108" startTime="2013-12-27T14:47:38.5917381+07:00" endTime="2013-12-27T14:47:38.6887478+07:00" testType="13cdc9d9-ddb5-4fa4-a97d-d965ccfc6d4b" outcome="Passed" testListId="8c84fa94-04c1-424b-9868-57a2d4851a1d" relativeResultsDirectory="11317cae-2797-4f1b-84a2-cf1e28a54009">
      <Output>
        <StdOut>Begin [1/1/2013 12:00:00 AM], End [NULL]</StdOut>
      </Output>
    </UnitTestResult>
  </Results>
</TestRun>