<?xml version="1.0" encoding="UTF-8"?>
<TestRun id="78bf240d-f0c5-43c6-b7be-9f75d2e947aa" name="Pitsanu.T@PC-047 2013-12-28 08:41:56" runUser="CARPASSAD\Pitsanu.T" xmlns="http://microsoft.com/schemas/VisualStudio/TeamTest/2010">
  <TestSettings name="Local" id="85137bba-d422-4c95-af3f-4e7370925841">
    <Description>These are default test settings for a local test run.</Description>
    <Deployment enabled="false" runDeploymentRoot="Pitsanu.T_PC-047 2013-12-28 08_41_56" />
    <Execution>
      <TestTypeSpecific />
      <AgentRule name="Execution Agents">
      </AgentRule>
    </Execution>
  </TestSettings>
  <Times creation="2013-12-28T08:41:56.7472948+07:00" queuing="2013-12-28T08:41:56.7662967+07:00" start="2013-12-28T08:41:56.7692970+07:00" finish="2013-12-28T08:41:56.9183119+07:00" />
  <ResultSummary outcome="Failed">
    <Counters total="1" executed="1" error="0" failed="1" timeout="0" aborted="0" inconclusive="0" passedButRunAborted="0" notRunnable="0" notExecuted="0" disconnected="0" warning="0" passed="0" completed="0" inProgress="0" pending="0" />
  </ResultSummary>
  <TestDefinitions>
    <UnitTest name="OneNullEnddateWithNoGapReturnOneRecord" storage="d:\lab\datetimemergetests\datetimemergetests\bin\debug\datetimemergetests.dll" id="aeddd79d-8b9c-be81-1b79-01a6cc7899d6">
      <Execution id="c8deffd1-2393-4013-ad4b-2c8bb34ea327" />
      <TestMethod codeBase="D:/Lab/DateTimeMergeTests/DateTimeMergeTests/bin/Debug/DateTimeMergeTests.DLL" adapterTypeName="Microsoft.VisualStudio.TestTools.TestTypes.Unit.UnitTestAdapter, Microsoft.VisualStudio.QualityTools.Tips.UnitTest.Adapter, Version=10.0.0.0, Culture=neutral, PublicKeyToken=b03f5f7f11d50a3a" className="DateTimeMergeTests.UnitTest1, DateTimeMergeTests, Version=1.0.0.0, Culture=neutral, PublicKeyToken=null" name="OneNullEnddateWithNoGapReturnOneRecord" />
    </UnitTest>
  </TestDefinitions>
  <TestLists>
    <TestList name="Results Not in a List" id="8c84fa94-04c1-424b-9868-57a2d4851a1d" />
    <TestList name="All Loaded Results" id="19431567-8539-422a-85d7-44ee4e166bda" />
  </TestLists>
  <TestEntries>
    <TestEntry testId="aeddd79d-8b9c-be81-1b79-01a6cc7899d6" executionId="c8deffd1-2393-4013-ad4b-2c8bb34ea327" testListId="8c84fa94-04c1-424b-9868-57a2d4851a1d" />
  </TestEntries>
  <Results>
    <UnitTestResult executionId="c8deffd1-2393-4013-ad4b-2c8bb34ea327" testId="aeddd79d-8b9c-be81-1b79-01a6cc7899d6" testName="OneNullEnddateWithNoGapReturnOneRecord" computerName="PC-047" duration="00:00:00.0214268" startTime="2013-12-28T08:41:56.7792980+07:00" endTime="2013-12-28T08:41:56.9083109+07:00" testType="13cdc9d9-ddb5-4fa4-a97d-d965ccfc6d4b" outcome="Failed" testListId="8c84fa94-04c1-424b-9868-57a2d4851a1d" relativeResultsDirectory="c8deffd1-2393-4013-ad4b-2c8bb34ea327">
      <Output>
        <StdOut>Begin [1/6/2013 12:00:00 AM], End [NULL]</StdOut>
        <ErrorInfo>
          <Message>Assert.IsTrue failed. </Message>
          <StackTrace>   at DateTimeMergeTests.UnitTest1.OneNullEnddateWithNoGapReturnOneRecord() in D:\Lab\DateTimeMergeTests\DateTimeMergeTests\UnitTest1.cs:line 59
</StackTrace>
        </ErrorInfo>
      </Output>
    </UnitTestResult>
  </Results>
</TestRun>