<?xml version="1.0" encoding="UTF-8"?>
<TestRun id="280085c0-19ae-40ab-b3ed-ff2d8b80bedf" name="Pitsanu.T@PC-047 2013-12-28 08:38:47" runUser="CARPASSAD\Pitsanu.T" xmlns="http://microsoft.com/schemas/VisualStudio/TeamTest/2010">
  <TestSettings name="Local" id="85137bba-d422-4c95-af3f-4e7370925841">
    <Description>These are default test settings for a local test run.</Description>
    <Deployment enabled="false" runDeploymentRoot="Pitsanu.T_PC-047 2013-12-28 08_38_47" />
    <Execution>
      <TestTypeSpecific />
      <AgentRule name="Execution Agents">
      </AgentRule>
    </Execution>
  </TestSettings>
  <Times creation="2013-12-28T08:38:47.6653885+07:00" queuing="2013-12-28T08:38:47.6843904+07:00" start="2013-12-28T08:38:47.6873907+07:00" finish="2013-12-28T08:38:47.8924112+07:00" />
  <ResultSummary outcome="Failed">
    <Counters total="4" executed="4" passed="2" error="0" failed="2" timeout="0" aborted="0" inconclusive="0" passedButRunAborted="0" notRunnable="0" notExecuted="0" disconnected="0" warning="0" completed="0" inProgress="0" pending="0" />
  </ResultSummary>
  <TestDefinitions>
    <UnitTest name="BothEnddateNullReturnOneRecordStartWithEarlyEvent" storage="d:\lab\datetimemergetests\datetimemergetests\bin\debug\datetimemergetests.dll" id="dae7a121-27da-6cea-214b-241fd76d763a">
      <Execution id="c34505a4-b76c-484e-9dcf-4bd7f855b609" />
      <TestMethod codeBase="D:/Lab/DateTimeMergeTests/DateTimeMergeTests/bin/Debug/DateTimeMergeTests.DLL" adapterTypeName="Microsoft.VisualStudio.TestTools.TestTypes.Unit.UnitTestAdapter, Microsoft.VisualStudio.QualityTools.Tips.UnitTest.Adapter, Version=10.0.0.0, Culture=neutral, PublicKeyToken=b03f5f7f11d50a3a" className="DateTimeMergeTests.UnitTest1, DateTimeMergeTests, Version=1.0.0.0, Culture=neutral, PublicKeyToken=null" name="BothEnddateNullReturnOneRecordStartWithEarlyEvent" />
    </UnitTest>
    <UnitTest name="OneNullEnddateWithNoGapReturnOneRecord" storage="d:\lab\datetimemergetests\datetimemergetests\bin\debug\datetimemergetests.dll" id="aeddd79d-8b9c-be81-1b79-01a6cc7899d6">
      <Execution id="cdd971f3-fb04-4d4d-b0bd-7ab0c0908e4f" />
      <TestMethod codeBase="D:/Lab/DateTimeMergeTests/DateTimeMergeTests/bin/Debug/DateTimeMergeTests.DLL" adapterTypeName="Microsoft.VisualStudio.TestTools.TestTypes.Unit.UnitTestAdapter, Microsoft.VisualStudio.QualityTools.Tips.UnitTest.Adapter, Version=10.0.0.0, Culture=neutral, PublicKeyToken=b03f5f7f11d50a3a" className="DateTimeMergeTests.UnitTest1, DateTimeMergeTests, Version=1.0.0.0, Culture=neutral, PublicKeyToken=null" name="OneNullEnddateWithNoGapReturnOneRecord" />
    </UnitTest>
    <UnitTest name="OneNullEnddateWithGapReturnTwoRecord" storage="d:\lab\datetimemergetests\datetimemergetests\bin\debug\datetimemergetests.dll" id="25a6fbf2-054a-5d3a-e8a0-f907caacb1ad">
      <Execution id="84e12ef0-1ca8-4706-bd01-f67f9175ac88" />
      <TestMethod codeBase="D:/Lab/DateTimeMergeTests/DateTimeMergeTests/bin/Debug/DateTimeMergeTests.DLL" adapterTypeName="Microsoft.VisualStudio.TestTools.TestTypes.Unit.UnitTestAdapter, Microsoft.VisualStudio.QualityTools.Tips.UnitTest.Adapter, Version=10.0.0.0, Culture=neutral, PublicKeyToken=b03f5f7f11d50a3a" className="DateTimeMergeTests.UnitTest1, DateTimeMergeTests, Version=1.0.0.0, Culture=neutral, PublicKeyToken=null" name="OneNullEnddateWithGapReturnTwoRecord" />
    </UnitTest>
    <UnitTest name="SameDateTimeMustReturnOneRecord" storage="d:\lab\datetimemergetests\datetimemergetests\bin\debug\datetimemergetests.dll" id="bf55e196-e1b9-d577-b1cc-309fb47c7e61">
      <Execution id="a20fb574-dd6a-46f2-9b87-a0c6c6509244" />
      <TestMethod codeBase="D:/Lab/DateTimeMergeTests/DateTimeMergeTests/bin/Debug/DateTimeMergeTests.DLL" adapterTypeName="Microsoft.VisualStudio.TestTools.TestTypes.Unit.UnitTestAdapter, Microsoft.VisualStudio.QualityTools.Tips.UnitTest.Adapter, Version=10.0.0.0, Culture=neutral, PublicKeyToken=b03f5f7f11d50a3a" className="DateTimeMergeTests.UnitTest1, DateTimeMergeTests, Version=1.0.0.0, Culture=neutral, PublicKeyToken=null" name="SameDateTimeMustReturnOneRecord" />
    </UnitTest>
  </TestDefinitions>
  <TestLists>
    <TestList name="Results Not in a List" id="8c84fa94-04c1-424b-9868-57a2d4851a1d" />
    <TestList name="All Loaded Results" id="19431567-8539-422a-85d7-44ee4e166bda" />
  </TestLists>
  <TestEntries>
    <TestEntry testId="25a6fbf2-054a-5d3a-e8a0-f907caacb1ad" executionId="84e12ef0-1ca8-4706-bd01-f67f9175ac88" testListId="8c84fa94-04c1-424b-9868-57a2d4851a1d" />
    <TestEntry testId="aeddd79d-8b9c-be81-1b79-01a6cc7899d6" executionId="cdd971f3-fb04-4d4d-b0bd-7ab0c0908e4f" testListId="8c84fa94-04c1-424b-9868-57a2d4851a1d" />
    <TestEntry testId="bf55e196-e1b9-d577-b1cc-309fb47c7e61" executionId="a20fb574-dd6a-46f2-9b87-a0c6c6509244" testListId="8c84fa94-04c1-424b-9868-57a2d4851a1d" />
    <TestEntry testId="dae7a121-27da-6cea-214b-241fd76d763a" executionId="c34505a4-b76c-484e-9dcf-4bd7f855b609" testListId="8c84fa94-04c1-424b-9868-57a2d4851a1d" />
  </TestEntries>
  <Results>
    <UnitTestResult executionId="84e12ef0-1ca8-4706-bd01-f67f9175ac88" testId="25a6fbf2-054a-5d3a-e8a0-f907caacb1ad" testName="OneNullEnddateWithGapReturnTwoRecord" computerName="PC-047" duration="00:00:00.0511943" startTime="2013-12-28T08:38:47.6903910+07:00" endTime="2013-12-28T08:38:47.8474067+07:00" testType="13cdc9d9-ddb5-4fa4-a97d-d965ccfc6d4b" outcome="Failed" testListId="8c84fa94-04c1-424b-9868-57a2d4851a1d" relativeResultsDirectory="84e12ef0-1ca8-4706-bd01-f67f9175ac88">
      <Output>
        <ErrorInfo>
          <Message>Assert.IsTrue failed. </Message>
          <StackTrace>   at DateTimeMergeTests.UnitTest1.OneNullEnddateWithGapReturnTwoRecord() in D:\Lab\DateTimeMergeTests\DateTimeMergeTests\UnitTest1.cs:line 42
</StackTrace>
        </ErrorInfo>
      </Output>
    </UnitTestResult>
    <UnitTestResult executionId="cdd971f3-fb04-4d4d-b0bd-7ab0c0908e4f" testId="aeddd79d-8b9c-be81-1b79-01a6cc7899d6" testName="OneNullEnddateWithNoGapReturnOneRecord" computerName="PC-047" duration="00:00:00.0015740" startTime="2013-12-28T08:38:47.8714091+07:00" endTime="2013-12-28T08:38:47.8754095+07:00" testType="13cdc9d9-ddb5-4fa4-a97d-d965ccfc6d4b" outcome="Failed" testListId="8c84fa94-04c1-424b-9868-57a2d4851a1d" relativeResultsDirectory="cdd971f3-fb04-4d4d-b0bd-7ab0c0908e4f">
      <Output>
        <ErrorInfo>
          <Message>Assert.IsTrue failed. </Message>
          <StackTrace>   at DateTimeMergeTests.UnitTest1.OneNullEnddateWithNoGapReturnOneRecord() in D:\Lab\DateTimeMergeTests\DateTimeMergeTests\UnitTest1.cs:line 54
</StackTrace>
        </ErrorInfo>
      </Output>
    </UnitTestResult>
    <UnitTestResult executionId="a20fb574-dd6a-46f2-9b87-a0c6c6509244" testId="bf55e196-e1b9-d577-b1cc-309fb47c7e61" testName="SameDateTimeMustReturnOneRecord" computerName="PC-047" duration="00:00:00.0006276" startTime="2013-12-28T08:38:47.8774097+07:00" endTime="2013-12-28T08:38:47.8794099+07:00" testType="13cdc9d9-ddb5-4fa4-a97d-d965ccfc6d4b" outcome="Passed" testListId="8c84fa94-04c1-424b-9868-57a2d4851a1d" relativeResultsDirectory="a20fb574-dd6a-46f2-9b87-a0c6c6509244">
    </UnitTestResult>
    <UnitTestResult executionId="c34505a4-b76c-484e-9dcf-4bd7f855b609" testId="dae7a121-27da-6cea-214b-241fd76d763a" testName="BothEnddateNullReturnOneRecordStartWithEarlyEvent" computerName="PC-047" duration="00:00:00.0010227" startTime="2013-12-28T08:38:47.8804100+07:00" endTime="2013-12-28T08:38:47.8834103+07:00" testType="13cdc9d9-ddb5-4fa4-a97d-d965ccfc6d4b" outcome="Passed" testListId="8c84fa94-04c1-424b-9868-57a2d4851a1d" relativeResultsDirectory="c34505a4-b76c-484e-9dcf-4bd7f855b609">
      <Output>
        <StdOut>Begin [1/1/2013 12:00:00 AM], End [NULL]</StdOut>
      </Output>
    </UnitTestResult>
  </Results>
</TestRun>